Release 14.7 - ngc2edif P.20131013 (nt64)
Copyright (c) 1995-2013 Xilinx, Inc.  All rights reserved.
Reading design Robot.ngc ...
WARNING:NetListWriters:298 - No output is written to Robot.xncf, ignored.
Processing design ...
   Preping design's networks ...
   Preping design's macros ...
WARNING:NetListWriters:306 - Signal bus pi_data_out0<16 : 0> on block Robot is
   not reconstructed, because there are some missing bus signals.
WARNING:NetListWriters:306 - Signal bus pi_data_out1<16 : 0> on block Robot is
   not reconstructed, because there are some missing bus signals.
WARNING:NetListWriters:306 - Signal bus pi_data_out2<16 : 0> on block Robot is
   not reconstructed, because there are some missing bus signals.
WARNING:NetListWriters:306 - Signal bus error0<7 : 0> on block Robot is not
   reconstructed, because there are some missing bus signals.
WARNING:NetListWriters:306 - Signal bus error1<7 : 0> on block Robot is not
   reconstructed, because there are some missing bus signals.
WARNING:NetListWriters:306 - Signal bus error2<7 : 0> on block Robot is not
   reconstructed, because there are some missing bus signals.
WARNING:NetListWriters:306 - Signal bus error3<7 : 0> on block Robot is not
   reconstructed, because there are some missing bus signals.
WARNING:NetListWriters:306 - Signal bus
   Mmux_RB_MOTOR1[7]_RB_MOTOR1[7]_mux_729_OUT_rs_B<4 : 0> on block Robot is not
   reconstructed, because there are some missing bus signals.
WARNING:NetListWriters:306 - Signal bus
   Mmux_LF_MOTOR1[7]_LF_MOTOR1[7]_mux_759_OUT_rs_B<4 : 0> on block Robot is not
   reconstructed, because there are some missing bus signals.
WARNING:NetListWriters:306 - Signal bus fifo_status<4 : 0> on block Robot is not
   reconstructed, because there are some missing bus signals.
WARNING:NetListWriters:306 - Signal bus RX_ID<5 : 3> on block Robot is not
   reconstructed, because there are some missing bus signals.
WARNING:NetListWriters:306 - Signal bus
   pi_data_out0[16]_BUS_0192_mux_1070_OUT<16 : 0> on block Robot is not
   reconstructed, because there are some missing bus signals.
WARNING:NetListWriters:306 - Signal bus
   pi_data_out1[16]_BUS_0200_mux_1111_OUT<16 : 0> on block Robot is not
   reconstructed, because there are some missing bus signals.
WARNING:NetListWriters:306 - Signal bus
   pi_data_out2[16]_BUS_0208_mux_1152_OUT<16 : 0> on block Robot is not
   reconstructed, because there are some missing bus signals.
WARNING:NetListWriters:306 - Signal bus Madd_n15213[17:0]_cy<10 : 0> on block
   Robot is not reconstructed, because there are some missing bus signals.
WARNING:NetListWriters:306 - Signal bus Mmult_n13661_Madd1_lut<14 : 11> on block
   Robot is not reconstructed, because there are some missing bus signals.
WARNING:NetListWriters:306 - Signal bus Mmult_n13661_Madd2_lut<10 : 7> on block
   Robot is not reconstructed, because there are some missing bus signals.
WARNING:NetListWriters:306 - Signal bus Mmult_n13675_Madd2_lut<10 : 7> on block
   Robot is not reconstructed, because there are some missing bus signals.
WARNING:NetListWriters:306 - Signal bus Mmult_n13675_Madd1_lut<14 : 11> on block
   Robot is not reconstructed, because there are some missing bus signals.
WARNING:NetListWriters:306 - Signal bus Mmult_n13633_Madd2_lut<10 : 7> on block
   Robot is not reconstructed, because there are some missing bus signals.
WARNING:NetListWriters:306 - Signal bus Mmult_n13633_Madd1_lut<14 : 11> on block
   Robot is not reconstructed, because there are some missing bus signals.
WARNING:NetListWriters:306 - Signal bus Mmult_n13647_Madd1_lut<14 : 11> on block
   Robot is not reconstructed, because there are some missing bus signals.
WARNING:NetListWriters:306 - Signal bus Mmult_n13647_Madd2_lut<10 : 7> on block
   Robot is not reconstructed, because there are some missing bus signals.
WARNING:NetListWriters:306 - Signal bus Maccum_LF_MOTOR1_lut<7 : 0> on block
   Robot is not reconstructed, because there are some missing bus signals.
WARNING:NetListWriters:306 - Signal bus Maccum_RB_MOTOR1_lut<7 : 0> on block
   Robot is not reconstructed, because there are some missing bus signals.
WARNING:NetListWriters:306 - Signal bus Maccum_RF_MOTOR1_lut<7 : 0> on block
   Robot is not reconstructed, because there are some missing bus signals.
WARNING:NetListWriters:306 - Signal bus Maccum_LB_MOTOR1_lut<7 : 0> on block
   Robot is not reconstructed, because there are some missing bus signals.
WARNING:NetListWriters:306 - Signal bus BUS_0216_GND_5_o_div_1186/n0993<17 : 4>
   on block Robot is not reconstructed, because there are some missing bus
   signals.
WARNING:NetListWriters:306 - Signal bus BUS_0216_GND_5_o_div_1186/n1067<17 : 2>
   on block Robot is not reconstructed, because there are some missing bus
   signals.
WARNING:NetListWriters:306 - Signal bus BUS_0216_GND_5_o_div_1186/n1063<17 : 3>
   on block Robot is not reconstructed, because there are some missing bus
   signals.
WARNING:NetListWriters:306 - Signal bus
   BUS_0216_GND_5_o_div_1186/a[17]_a[17]_mux_1_OUT<13 : 0> on block Robot is not
   reconstructed, because there are some missing bus signals.
WARNING:NetListWriters:306 - Signal bus BUS_0208_GND_5_o_div_1145/n0993<17 : 4>
   on block Robot is not reconstructed, because there are some missing bus
   signals.
WARNING:NetListWriters:306 - Signal bus BUS_0208_GND_5_o_div_1145/n1067<17 : 2>
   on block Robot is not reconstructed, because there are some missing bus
   signals.
WARNING:NetListWriters:306 - Signal bus BUS_0208_GND_5_o_div_1145/n1063<17 : 3>
   on block Robot is not reconstructed, because there are some missing bus
   signals.
WARNING:NetListWriters:306 - Signal bus
   BUS_0208_GND_5_o_div_1145/GND_10_o_BUS_0001_add_42_OUT[18:0]<16 : 0> on block
   Robot is not reconstructed, because there are some missing bus signals.
WARNING:NetListWriters:306 - Signal bus
   BUS_0208_GND_5_o_div_1145/a[17]_a[17]_mux_1_OUT<13 : 0> on block Robot is not
   reconstructed, because there are some missing bus signals.
WARNING:NetListWriters:306 - Signal bus BUS_0200_GND_5_o_div_1104/n0993<17 : 4>
   on block Robot is not reconstructed, because there are some missing bus
   signals.
WARNING:NetListWriters:306 - Signal bus BUS_0200_GND_5_o_div_1104/n1067<17 : 2>
   on block Robot is not reconstructed, because there are some missing bus
   signals.
WARNING:NetListWriters:306 - Signal bus BUS_0200_GND_5_o_div_1104/n1063<17 : 3>
   on block Robot is not reconstructed, because there are some missing bus
   signals.
WARNING:NetListWriters:306 - Signal bus
   BUS_0200_GND_5_o_div_1104/GND_10_o_BUS_0001_add_42_OUT[18:0]<16 : 0> on block
   Robot is not reconstructed, because there are some missing bus signals.
WARNING:NetListWriters:306 - Signal bus
   BUS_0200_GND_5_o_div_1104/a[17]_a[17]_mux_1_OUT<13 : 0> on block Robot is not
   reconstructed, because there are some missing bus signals.
WARNING:NetListWriters:306 - Signal bus BUS_0192_GND_5_o_div_1063/n0993<17 : 4>
   on block Robot is not reconstructed, because there are some missing bus
   signals.
WARNING:NetListWriters:306 - Signal bus BUS_0192_GND_5_o_div_1063/n1067<17 : 2>
   on block Robot is not reconstructed, because there are some missing bus
   signals.
WARNING:NetListWriters:306 - Signal bus BUS_0192_GND_5_o_div_1063/n1063<17 : 3>
   on block Robot is not reconstructed, because there are some missing bus
   signals.
WARNING:NetListWriters:306 - Signal bus
   BUS_0192_GND_5_o_div_1063/GND_10_o_BUS_0001_add_42_OUT[18:0]<16 : 0> on block
   Robot is not reconstructed, because there are some missing bus signals.
WARNING:NetListWriters:306 - Signal bus
   BUS_0192_GND_5_o_div_1063/a[17]_a[17]_mux_1_OUT<13 : 0> on block Robot is not
   reconstructed, because there are some missing bus signals.
  finished :Prep
Writing EDIF netlist file Robot.edif ...
ngc2edif: Total memory usage is 97656 kilobytes

Release 14.7 - ngc2edif P.20131013 (nt64)
Copyright (c) 1995-2013 Xilinx, Inc.  All rights reserved.
Reading design Robot.ngc ...
WARNING:NetListWriters:298 - No output is written to Robot.xncf, ignored.
Processing design ...
   Preping design's networks ...
   Preping design's macros ...
WARNING:NetListWriters:306 - Signal bus pi_data_out0<16 : 0> on block Robot is
   not reconstructed, because there are some missing bus signals.
WARNING:NetListWriters:306 - Signal bus pi_data_out2<16 : 0> on block Robot is
   not reconstructed, because there are some missing bus signals.
WARNING:NetListWriters:306 - Signal bus pi_data_out3<16 : 0> on block Robot is
   not reconstructed, because there are some missing bus signals.
WARNING:NetListWriters:306 - Signal bus error0<7 : 0> on block Robot is not
   reconstructed, because there are some missing bus signals.
WARNING:NetListWriters:306 - Signal bus error1<7 : 0> on block Robot is not
   reconstructed, because there are some missing bus signals.
WARNING:NetListWriters:306 - Signal bus error2<7 : 0> on block Robot is not
   reconstructed, because there are some missing bus signals.
WARNING:NetListWriters:306 - Signal bus error3<7 : 0> on block Robot is not
   reconstructed, because there are some missing bus signals.
WARNING:NetListWriters:306 - Signal bus
   Mmux_RB_MOTOR1[7]_RB_MOTOR1[7]_mux_729_OUT_rs_B<4 : 0> on block Robot is not
   reconstructed, because there are some missing bus signals.
WARNING:NetListWriters:306 - Signal bus
   Mmux_LF_MOTOR1[7]_LF_MOTOR1[7]_mux_759_OUT_rs_B<4 : 0> on block Robot is not
   reconstructed, because there are some missing bus signals.
WARNING:NetListWriters:306 - Signal bus fifo_status<4 : 0> on block Robot is not
   reconstructed, because there are some missing bus signals.
WARNING:NetListWriters:306 - Signal bus RX_ID<5 : 3> on block Robot is not
   reconstructed, because there are some missing bus signals.
WARNING:NetListWriters:306 - Signal bus BUS_0001_Decoder_48_OUT<200 : 0> on
   block Robot is not reconstructed, because there are some missing bus signals.
WARNING:NetListWriters:306 - Signal bus
   pi_data_out0[16]_BUS_0192_mux_1070_OUT<16 : 0> on block Robot is not
   reconstructed, because there are some missing bus signals.
WARNING:NetListWriters:306 - Signal bus
   pi_data_out2[16]_BUS_0208_mux_1152_OUT<16 : 0> on block Robot is not
   reconstructed, because there are some missing bus signals.
WARNING:NetListWriters:306 - Signal bus
   pi_data_out3[16]_BUS_0216_mux_1193_OUT<16 : 0> on block Robot is not
   reconstructed, because there are some missing bus signals.
WARNING:NetListWriters:306 - Signal bus Madd_n15204[17:0]_cy<10 : 0> on block
   Robot is not reconstructed, because there are some missing bus signals.
WARNING:NetListWriters:306 - Signal bus Mmult_n13660_Madd1_lut<14 : 11> on block
   Robot is not reconstructed, because there are some missing bus signals.
WARNING:NetListWriters:306 - Signal bus Mmult_n13660_Madd2_lut<10 : 7> on block
   Robot is not reconstructed, because there are some missing bus signals.
WARNING:NetListWriters:306 - Signal bus Mmult_n13646_Madd2_lut<10 : 7> on block
   Robot is not reconstructed, because there are some missing bus signals.
WARNING:NetListWriters:306 - Signal bus Mmult_n13646_Madd1_lut<14 : 11> on block
   Robot is not reconstructed, because there are some missing bus signals.
WARNING:NetListWriters:306 - Signal bus Mmult_n13674_Madd2_lut<10 : 7> on block
   Robot is not reconstructed, because there are some missing bus signals.
WARNING:NetListWriters:306 - Signal bus Mmult_n13674_Madd1_lut<14 : 11> on block
   Robot is not reconstructed, because there are some missing bus signals.
WARNING:NetListWriters:306 - Signal bus Mmult_n13632_Madd1_lut<14 : 11> on block
   Robot is not reconstructed, because there are some missing bus signals.
WARNING:NetListWriters:306 - Signal bus Mmult_n13632_Madd2_lut<10 : 7> on block
   Robot is not reconstructed, because there are some missing bus signals.
WARNING:NetListWriters:306 - Signal bus Maccum_RF_MOTOR1_lut<7 : 0> on block
   Robot is not reconstructed, because there are some missing bus signals.
WARNING:NetListWriters:306 - Signal bus Maccum_LF_MOTOR1_lut<7 : 0> on block
   Robot is not reconstructed, because there are some missing bus signals.
WARNING:NetListWriters:306 - Signal bus Maccum_RB_MOTOR1_lut<7 : 0> on block
   Robot is not reconstructed, because there are some missing bus signals.
WARNING:NetListWriters:306 - Signal bus Maccum_LB_MOTOR1_lut<7 : 0> on block
   Robot is not reconstructed, because there are some missing bus signals.
WARNING:NetListWriters:306 - Signal bus BUS_0216_GND_5_o_div_1186/n0993<17 : 4>
   on block Robot is not reconstructed, because there are some missing bus
   signals.
WARNING:NetListWriters:306 - Signal bus BUS_0216_GND_5_o_div_1186/n1067<17 : 2>
   on block Robot is not reconstructed, because there are some missing bus
   signals.
WARNING:NetListWriters:306 - Signal bus BUS_0216_GND_5_o_div_1186/n1063<17 : 3>
   on block Robot is not reconstructed, because there are some missing bus
   signals.
WARNING:NetListWriters:306 - Signal bus
   BUS_0216_GND_5_o_div_1186/GND_10_o_BUS_0001_add_42_OUT[18:0]<16 : 0> on block
   Robot is not reconstructed, because there are some missing bus signals.
WARNING:NetListWriters:306 - Signal bus
   BUS_0216_GND_5_o_div_1186/a[17]_a[17]_mux_1_OUT<13 : 0> on block Robot is not
   reconstructed, because there are some missing bus signals.
WARNING:NetListWriters:306 - Signal bus BUS_0208_GND_5_o_div_1145/n0993<17 : 4>
   on block Robot is not reconstructed, because there are some missing bus
   signals.
WARNING:NetListWriters:306 - Signal bus BUS_0208_GND_5_o_div_1145/n1067<17 : 2>
   on block Robot is not reconstructed, because there are some missing bus
   signals.
WARNING:NetListWriters:306 - Signal bus BUS_0208_GND_5_o_div_1145/n1063<17 : 3>
   on block Robot is not reconstructed, because there are some missing bus
   signals.
WARNING:NetListWriters:306 - Signal bus
   BUS_0208_GND_5_o_div_1145/GND_10_o_BUS_0001_add_42_OUT[18:0]<16 : 0> on block
   Robot is not reconstructed, because there are some missing bus signals.
WARNING:NetListWriters:306 - Signal bus
   BUS_0208_GND_5_o_div_1145/a[17]_a[17]_mux_1_OUT<13 : 0> on block Robot is not
   reconstructed, because there are some missing bus signals.
WARNING:NetListWriters:306 - Signal bus BUS_0200_GND_5_o_div_1104/n0993<17 : 4>
   on block Robot is not reconstructed, because there are some missing bus
   signals.
WARNING:NetListWriters:306 - Signal bus BUS_0200_GND_5_o_div_1104/n1067<17 : 2>
   on block Robot is not reconstructed, because there are some missing bus
   signals.
WARNING:NetListWriters:306 - Signal bus BUS_0200_GND_5_o_div_1104/n1063<17 : 3>
   on block Robot is not reconstructed, because there are some missing bus
   signals.
WARNING:NetListWriters:306 - Signal bus
   BUS_0200_GND_5_o_div_1104/a[17]_a[17]_mux_1_OUT<13 : 0> on block Robot is not
   reconstructed, because there are some missing bus signals.
WARNING:NetListWriters:306 - Signal bus BUS_0192_GND_5_o_div_1063/n0993<17 : 4>
   on block Robot is not reconstructed, because there are some missing bus
   signals.
WARNING:NetListWriters:306 - Signal bus BUS_0192_GND_5_o_div_1063/n1067<17 : 2>
   on block Robot is not reconstructed, because there are some missing bus
   signals.
WARNING:NetListWriters:306 - Signal bus BUS_0192_GND_5_o_div_1063/n1063<17 : 3>
   on block Robot is not reconstructed, because there are some missing bus
   signals.
WARNING:NetListWriters:306 - Signal bus
   BUS_0192_GND_5_o_div_1063/GND_10_o_BUS_0001_add_42_OUT[18:0]<16 : 0> on block
   Robot is not reconstructed, because there are some missing bus signals.
WARNING:NetListWriters:306 - Signal bus
   BUS_0192_GND_5_o_div_1063/a[17]_a[17]_mux_1_OUT<13 : 0> on block Robot is not
   reconstructed, because there are some missing bus signals.
  finished :Prep
Writing EDIF netlist file Robot.edif ...
ngc2edif: Total memory usage is 97564 kilobytes

Release 14.7 - ngc2edif P.20131013 (nt64)
Copyright (c) 1995-2013 Xilinx, Inc.  All rights reserved.
Reading design Robot.ngc ...
WARNING:NetListWriters:298 - No output is written to Robot.xncf, ignored.
Processing design ...
   Preping design's networks ...
   Preping design's macros ...
WARNING:NetListWriters:306 - Signal bus pi_data_out0<16 : 0> on block Robot is
   not reconstructed, because there are some missing bus signals.
WARNING:NetListWriters:306 - Signal bus pi_data_out2<16 : 0> on block Robot is
   not reconstructed, because there are some missing bus signals.
WARNING:NetListWriters:306 - Signal bus pi_data_out3<16 : 0> on block Robot is
   not reconstructed, because there are some missing bus signals.
WARNING:NetListWriters:306 - Signal bus error0<7 : 0> on block Robot is not
   reconstructed, because there are some missing bus signals.
WARNING:NetListWriters:306 - Signal bus error1<7 : 0> on block Robot is not
   reconstructed, because there are some missing bus signals.
WARNING:NetListWriters:306 - Signal bus error2<7 : 0> on block Robot is not
   reconstructed, because there are some missing bus signals.
WARNING:NetListWriters:306 - Signal bus error3<7 : 0> on block Robot is not
   reconstructed, because there are some missing bus signals.
WARNING:NetListWriters:306 - Signal bus
   Mmux_RB_MOTOR1[7]_RB_MOTOR1[7]_mux_729_OUT_rs_B<4 : 0> on block Robot is not
   reconstructed, because there are some missing bus signals.
WARNING:NetListWriters:306 - Signal bus
   Mmux_LF_MOTOR1[7]_LF_MOTOR1[7]_mux_759_OUT_rs_B<4 : 0> on block Robot is not
   reconstructed, because there are some missing bus signals.
WARNING:NetListWriters:306 - Signal bus fifo_status<4 : 0> on block Robot is not
   reconstructed, because there are some missing bus signals.
WARNING:NetListWriters:306 - Signal bus RX_ID<5 : 3> on block Robot is not
   reconstructed, because there are some missing bus signals.
WARNING:NetListWriters:306 - Signal bus BUS_0001_Decoder_48_OUT<200 : 0> on
   block Robot is not reconstructed, because there are some missing bus signals.
WARNING:NetListWriters:306 - Signal bus
   pi_data_out0[16]_BUS_0192_mux_1070_OUT<16 : 0> on block Robot is not
   reconstructed, because there are some missing bus signals.
WARNING:NetListWriters:306 - Signal bus
   pi_data_out2[16]_BUS_0208_mux_1152_OUT<16 : 0> on block Robot is not
   reconstructed, because there are some missing bus signals.
WARNING:NetListWriters:306 - Signal bus
   pi_data_out3[16]_BUS_0216_mux_1193_OUT<16 : 0> on block Robot is not
   reconstructed, because there are some missing bus signals.
WARNING:NetListWriters:306 - Signal bus Madd_n15204[17:0]_cy<10 : 0> on block
   Robot is not reconstructed, because there are some missing bus signals.
WARNING:NetListWriters:306 - Signal bus Mmult_n13660_Madd1_lut<14 : 11> on block
   Robot is not reconstructed, because there are some missing bus signals.
WARNING:NetListWriters:306 - Signal bus Mmult_n13660_Madd2_lut<10 : 7> on block
   Robot is not reconstructed, because there are some missing bus signals.
WARNING:NetListWriters:306 - Signal bus Mmult_n13646_Madd2_lut<10 : 7> on block
   Robot is not reconstructed, because there are some missing bus signals.
WARNING:NetListWriters:306 - Signal bus Mmult_n13646_Madd1_lut<14 : 11> on block
   Robot is not reconstructed, because there are some missing bus signals.
WARNING:NetListWriters:306 - Signal bus Mmult_n13674_Madd2_lut<10 : 7> on block
   Robot is not reconstructed, because there are some missing bus signals.
WARNING:NetListWriters:306 - Signal bus Mmult_n13674_Madd1_lut<14 : 11> on block
   Robot is not reconstructed, because there are some missing bus signals.
WARNING:NetListWriters:306 - Signal bus Mmult_n13632_Madd1_lut<14 : 11> on block
   Robot is not reconstructed, because there are some missing bus signals.
WARNING:NetListWriters:306 - Signal bus Mmult_n13632_Madd2_lut<10 : 7> on block
   Robot is not reconstructed, because there are some missing bus signals.
WARNING:NetListWriters:306 - Signal bus Maccum_RF_MOTOR1_lut<7 : 0> on block
   Robot is not reconstructed, because there are some missing bus signals.
WARNING:NetListWriters:306 - Signal bus Maccum_LF_MOTOR1_lut<7 : 0> on block
   Robot is not reconstructed, because there are some missing bus signals.
WARNING:NetListWriters:306 - Signal bus Maccum_RB_MOTOR1_lut<7 : 0> on block
   Robot is not reconstructed, because there are some missing bus signals.
WARNING:NetListWriters:306 - Signal bus Maccum_LB_MOTOR1_lut<7 : 0> on block
   Robot is not reconstructed, because there are some missing bus signals.
WARNING:NetListWriters:306 - Signal bus BUS_0216_GND_5_o_div_1186/n0993<17 : 4>
   on block Robot is not reconstructed, because there are some missing bus
   signals.
WARNING:NetListWriters:306 - Signal bus BUS_0216_GND_5_o_div_1186/n1067<17 : 2>
   on block Robot is not reconstructed, because there are some missing bus
   signals.
WARNING:NetListWriters:306 - Signal bus BUS_0216_GND_5_o_div_1186/n1063<17 : 3>
   on block Robot is not reconstructed, because there are some missing bus
   signals.
WARNING:NetListWriters:306 - Signal bus
   BUS_0216_GND_5_o_div_1186/GND_10_o_BUS_0001_add_42_OUT[18:0]<16 : 0> on block
   Robot is not reconstructed, because there are some missing bus signals.
WARNING:NetListWriters:306 - Signal bus
   BUS_0216_GND_5_o_div_1186/a[17]_a[17]_mux_1_OUT<13 : 0> on block Robot is not
   reconstructed, because there are some missing bus signals.
WARNING:NetListWriters:306 - Signal bus BUS_0208_GND_5_o_div_1145/n0993<17 : 4>
   on block Robot is not reconstructed, because there are some missing bus
   signals.
WARNING:NetListWriters:306 - Signal bus BUS_0208_GND_5_o_div_1145/n1067<17 : 2>
   on block Robot is not reconstructed, because there are some missing bus
   signals.
WARNING:NetListWriters:306 - Signal bus BUS_0208_GND_5_o_div_1145/n1063<17 : 3>
   on block Robot is not reconstructed, because there are some missing bus
   signals.
WARNING:NetListWriters:306 - Signal bus
   BUS_0208_GND_5_o_div_1145/GND_10_o_BUS_0001_add_42_OUT[18:0]<16 : 0> on block
   Robot is not reconstructed, because there are some missing bus signals.
WARNING:NetListWriters:306 - Signal bus
   BUS_0208_GND_5_o_div_1145/a[17]_a[17]_mux_1_OUT<13 : 0> on block Robot is not
   reconstructed, because there are some missing bus signals.
WARNING:NetListWriters:306 - Signal bus BUS_0200_GND_5_o_div_1104/n0993<17 : 4>
   on block Robot is not reconstructed, because there are some missing bus
   signals.
WARNING:NetListWriters:306 - Signal bus BUS_0200_GND_5_o_div_1104/n1067<17 : 2>
   on block Robot is not reconstructed, because there are some missing bus
   signals.
WARNING:NetListWriters:306 - Signal bus BUS_0200_GND_5_o_div_1104/n1063<17 : 3>
   on block Robot is not reconstructed, because there are some missing bus
   signals.
WARNING:NetListWriters:306 - Signal bus
   BUS_0200_GND_5_o_div_1104/a[17]_a[17]_mux_1_OUT<13 : 0> on block Robot is not
   reconstructed, because there are some missing bus signals.
WARNING:NetListWriters:306 - Signal bus BUS_0192_GND_5_o_div_1063/n0993<17 : 4>
   on block Robot is not reconstructed, because there are some missing bus
   signals.
WARNING:NetListWriters:306 - Signal bus BUS_0192_GND_5_o_div_1063/n1067<17 : 2>
   on block Robot is not reconstructed, because there are some missing bus
   signals.
WARNING:NetListWriters:306 - Signal bus BUS_0192_GND_5_o_div_1063/n1063<17 : 3>
   on block Robot is not reconstructed, because there are some missing bus
   signals.
WARNING:NetListWriters:306 - Signal bus
   BUS_0192_GND_5_o_div_1063/GND_10_o_BUS_0001_add_42_OUT[18:0]<16 : 0> on block
   Robot is not reconstructed, because there are some missing bus signals.
WARNING:NetListWriters:306 - Signal bus
   BUS_0192_GND_5_o_div_1063/a[17]_a[17]_mux_1_OUT<13 : 0> on block Robot is not
   reconstructed, because there are some missing bus signals.
  finished :Prep
Writing EDIF netlist file Robot.edif ...
ngc2edif: Total memory usage is 97884 kilobytes

